{"/Users/lauretteroy/code/2021_proj/JS/vue-js-testing-and-debugging-2399300/src/testModule.js": {"path":"/Users/lauretteroy/code/2021_proj/JS/vue-js-testing-and-debugging-2399300/src/testModule.js","statementMap":{"0":{"start":{"line":2,"column":2},"end":{"line":2,"column":29}},"1":{"start":{"line":5,"column":0},"end":{"line":7,"column":2}}},"fnMap":{"0":{"name":"printSomething","decl":{"start":{"line":1,"column":9},"end":{"line":1,"column":23}},"loc":{"start":{"line":1,"column":26},"end":{"line":3,"column":1}},"line":1}},"branchMap":{},"s":{"0":0,"1":1},"f":{"0":0},"b":{},"_coverageSchema":"1a1c01bbd47fc00a2c39e90264f33305004495a9","hash":"edbdaec04cf8900ad18e41b00c4acb84257fbf2b"}
,"/Users/lauretteroy/code/2021_proj/JS/vue-js-testing-and-debugging-2399300/src/utilities.js": {"path":"/Users/lauretteroy/code/2021_proj/JS/vue-js-testing-and-debugging-2399300/src/utilities.js","statementMap":{"0":{"start":{"line":2,"column":4},"end":{"line":2,"column":17}},"1":{"start":{"line":5,"column":26},"end":{"line":11,"column":1}},"2":{"start":{"line":13,"column":14},"end":{"line":18,"column":1}},"3":{"start":{"line":21,"column":4},"end":{"line":25,"column":6}},"4":{"start":{"line":22,"column":8},"end":{"line":24,"column":16}},"5":{"start":{"line":23,"column":12},"end":{"line":23,"column":35}},"6":{"start":{"line":28,"column":0},"end":{"line":33,"column":1}}},"fnMap":{"0":{"name":"addNumbers","decl":{"start":{"line":1,"column":9},"end":{"line":1,"column":19}},"loc":{"start":{"line":1,"column":26},"end":{"line":3,"column":1}},"line":1},"1":{"name":"asyncPrint","decl":{"start":{"line":20,"column":9},"end":{"line":20,"column":19}},"loc":{"start":{"line":20,"column":22},"end":{"line":26,"column":1}},"line":20},"2":{"name":"(anonymous_2)","decl":{"start":{"line":21,"column":23},"end":{"line":21,"column":24}},"loc":{"start":{"line":21,"column":44},"end":{"line":25,"column":5}},"line":21},"3":{"name":"(anonymous_3)","decl":{"start":{"line":22,"column":19},"end":{"line":22,"column":20}},"loc":{"start":{"line":22,"column":24},"end":{"line":24,"column":9}},"line":22}},"branchMap":{},"s":{"0":4,"1":4,"2":4,"3":1,"4":1,"5":1,"6":4},"f":{"0":4,"1":1,"2":1,"3":1},"b":{},"_coverageSchema":"1a1c01bbd47fc00a2c39e90264f33305004495a9","hash":"2704eb1425f10348b7750bd540d46784af0b5ed5"}
}
